Working. (This will take some time....)

Running

openssl req -new -x509 -days 365 -nodes

Generating a 1024 bit RSA private key
............++++++
............++++++
unable to write 'random state'
writing new private key to stdout
-----
You are about to be asked to enter information that will be incorporated
into your certificate request.
What you are about to enter is what is called a Distinguished Name or a DN.
There are quite a few fields but you can leave some blank
For some fields there will be a default value,
If you enter '.', the field will be left blank.
-----
Country Name (2 letter code) [US]:State or Province Name (full name) []:Locality Name (eg, city) []:Organization Name (eg, company) []:Organizational Unit Name (eg, section) []:Common Name (FQDN of your server) []:

Running

   openssl gendh 512

Generating DH parameters, 512 bit long safe prime, generator 2
This is going to take a long time
.................+...........+................+........++*++*++*++*++*++*
unable to write 'random state'

Stunnel.pem created.
Below is your stunnel.pem file. Simply copy it from this page and save it as stunnel.pem on your machine in an appropriate place (wherever you point to it with the '-p' option, or in the directory from which you run Stunnel.)

Remember, I heartily suggest you do not use this certificate. Generate one yourself. Go back to the input page if you didn't read my arguments before.

-----BEGIN RSA PRIVATE KEY----- MIICXgIBAAKBgQCkipkuoekvLcq3NP4cZAp3hYFdQrp6tEEC//RmyZ40Ip2iixMb zCi1bp5VmA5/L+Gc/h8f9qISJdF5sHNr6KKX2+mPHhtzXvW5cynXqZvt3ReAkbCp AaWB5LFg0W4/AgTqCEGr4fcdvI5ExiaCrMkAQIDkeFMq27YhfwYZaGal+wIDAQAB AoGBAJrezWGECgxbCIO6gDdOvj9TTLjwFr9prAtbyLl6qcqejkqwplKyrdpffO5J idOSyMNQuREHvfJg4DKur2Tw+R99eXFzM+9NXcr+1cXMDy8ylbTg5/k/+5hTJaDr WPdCj1Lxnp3TEqZab6KA1zyw7Q07SVkSA2MuHnbZA6wAkKORAkEA2HiZ91CiF8NB oWLmB4R4CLgpzF0Qo6oqAagM8g4/kHNhihxnvrFPyEwqwXWSA2T3kfhFhMFByIE7 63qOclA5qQJBAMKWbvm9uuZBEABr148FnRt0vkr+gCJ/spSYYtRl/gJ4uMAkfx3L 9I3URv7NoK0AnxBkG0/3XhkSfQD8Vasr0QMCQHWlxff1qMLFacvuVhpL0njarkzV X4+zkbTownBjcgRt0Nsg6PlooHW5f5s47KxPmYWJqy6lYb05D3nBV92k4FECQQCv XlR1z4B5s3lwZ8DFrRGChRxbCjMA5IVVVmD7e1AJejNHN504hW/Jwt6ZFUkRodW5 N/9FenLbtcXi9Ydf1QVxAkEAuTUC/V0qUq0GYLgrG/WF5ASHvdAtYR7SOkuUWhZE Bxx/5LAYoj+jirgh8K4RCayWoVxiflhTcxZQbKZjE6FAkg== -----END RSA PRIVATE KEY----- -----BEGIN CERTIFICATE----- MIICgTCCAeqgAwIBAgIJAOa3fbW4DeigMA0GCSqGSIb3DQEBBAUAMHcxCzAJBgNV BAYTAk5MMRIwEAYDVQQIEwlGcmllc2xhbmQxETAPBgNVBAcTCEJvbHN3YXJkMRAw DgYDVQQKEwdIYXdhcklUMRAwDgYDVQQLEwdPcGVuQkFHMR0wGwYDVQQDExRib2xz d2FyZC5oYXdhcml0LmNvbTAeFw0wODEwMDMxMzQ5MzFaFw0wOTEwMDMxMzQ5MzFa MHcxCzAJBgNVBAYTAk5MMRIwEAYDVQQIEwlGcmllc2xhbmQxETAPBgNVBAcTCEJv bHN3YXJkMRAwDgYDVQQKEwdIYXdhcklUMRAwDgYDVQQLEwdPcGVuQkFHMR0wGwYD VQQDExRib2xzd2FyZC5oYXdhcml0LmNvbTCBnzANBgkqhkiG9w0BAQEFAAOBjQAw gYkCgYEApIqZLqHpLy3KtzT+HGQKd4WBXUK6erRBAv/0ZsmeNCKdoosTG8wotW6e VZgOfy/hnP4fH/aiEiXRebBza+iil9vpjx4bc171uXMp16mb7d0XgJGwqQGlgeSx YNFuPwIE6ghBq+H3HbyORMYmgqzJAECA5HhTKtu2IX8GGWhmpfsCAwEAAaMVMBMw EQYJYIZIAYb4QgEBBAQDAgZAMA0GCSqGSIb3DQEBBAUAA4GBAHTN/vNQwIbkAsyg 81bcjDaZkc9DaApvCCaOgdrfHNj3w8ARjS0VD5+g+IUoaT3cf8cO+eaxNtATsSF0 JH8wIN5yVuoC1j1YEfD5X9UHaD3jFN6UbSvIevtFgALlJG+nf6feTMWsqO9228FS 0CnBrkgy+SvzZnVcXmESouJKHu3M -----END CERTIFICATE----- -----BEGIN DH PARAMETERS----- MEYCQQDkdq/kDxGTSpDESYeNahnlPrhBi7MWRZwsmnXZ1qXBPQDOzI/1ItkTojHT 8qmq9IRt1XrjlmlexpBdijJLWzr7AgEC -----END DH PARAMETERS-----
