eduard@eduard-desktop:~$ openssl genrsa -des3 -out server.key 1024
Generating RSA private key, 1024 bit long modulus
...................++++++
................++++++
e is 65537 (0x10001)
Enter pass phrase for server.key:
Verifying - Enter pass phrase for server.key:
eduard@eduard-desktop:~$ openssl rsa -in server.key -out server.key.insecure
Enter pass phrase for server.key:
writing RSA key
eduard@eduard-desktop:~$ openssl req -new -key server.key -out server.csr
Enter pass phrase for server.key:
You are about to be asked to enter information that will be incorporated
into your certificate request.
What you are about to enter is what is called a Distinguished Name or a DN.
There are quite a few fields but you can leave some blank
For some fields there will be a default value,
If you enter '.', the field will be left blank.
-----
Country Name (2 letter code) [AU]:nl
State or Province Name (full name) [Some-State]:Friesland
Locality Name (eg, city) []:Bolsward
Organization Name (eg, company) [Internet Widgits Pty Ltd]:Hawar IT
Organizational Unit Name (eg, section) []:by Witteveen-Automatisering
Common Name (eg, YOUR name) []:Eduard Witteveen
Email Address []:egoverment@nergens.org

Please enter the following 'extra' attributes
to be sent with your certificate request
A challenge password []:
An optional company name []:
eduard@eduard-desktop:~$ openssl x509 -req -days 365 -in server.csr -signkey server.key -out server.crt
Signature ok
subject=/C=nl/ST=Friesland/L=Bolsward/O=Hawar IT/OU=by Witteveen-Automatisering/CN=Eduard Witteveen/emailAddress=egoverment@nergens.org
Getting Private key
Enter pass phrase for server.key:
eduard@eduard-desktop:~$